total 187 case




case name -->  ogles2_auifillrate 		result -->  GOOD_REF 		Variant name -->  test36
case name -->  ogl_randomfans 		result -->  GOOD 		Variant name -->  65t_g
case name -->  dx_randomtriangles_4xmsaa 		result -->  GOOD_REF 		Variant name -->  500t_g
case name -->  ogl_addressmodes 		result -->  GOOD 		Variant name -->  2101010_fpmn_128x64
case name -->  ogl_addressmodes 		result -->  GOOD 		Variant name -->  565_fbmt_256x256
case name -->  dx_randomfans 		result -->  GOOD_REF 		Variant name -->  2t_g
case name -->  ogl_alphatestintersecttris 		result -->  GOOD 		Variant name -->  normal
case name -->  dx_pixelshader 		result -->  GOOD_REF 		Variant name -->  texkill
case name -->  ogl_randomlines_2xmsaa 		result -->  GOOD 		Variant name -->  256l_g
case name -->  dx_randomtriangles 		result -->  GOOD_REF 		Variant name -->  500t_f_8888_fpmn
case name -->  dx_filter 		result -->  GOOD 		Variant name -->  u16u16_fallmall
case name -->  ocl_nohw_conformance 		result -->  GOOD_REF 		Variant name -->  image_read_rgba_unsigned_int32_f0
case name -->  ocl_nohw_conformance 		result -->  GOOD_REF 		Variant name -->  image_write_rgba_unsigned_int32_f0
case name -->  ocl_nohw_conformance 		result -->  GOOD_REF 		Variant name -->  basic_loop
case name -->  ocl_nohw_conformance 		result -->  GOOD_REF 		Variant name -->  basic_if
case name -->  ogl_randomlines_4xmsaa 		result -->  GOOD 		Variant name -->  65l_g
case name -->  dx11_shell 		result -->  GOOD_REF 		Variant name -->  tri640_2xmsaa
case name -->  ogl_primitiverestart 		result -->  GOOD 		Variant name -->  normal_backfacecull
case name -->  ogl_primitiverestart 		result -->  GOOD 		Variant name -->  triangle_strip_32bit_0xffff_shiftup_0xff
case name -->  ogl_primitiverestart 		result -->  GOOD 		Variant name -->  triangles_32bit_0xffff_shiftup_0xff
case name -->  es2_milestone_3 		result -->  GOOD 		Variant name -->  milestone
case name -->  dx_randomfans_pointfilled_2xmsaa 		result -->  GOOD_REF 		Variant name -->  1t_g_8888_fpmn
case name -->  dx10_driverscripts 		result -->  GOOD_REF 		Variant name -->  mipmaplevels
case name -->  dx10_driverscripts 		result -->  GOOD 		Variant name -->  depthbias
case name -->  ogl_randomfans_pointfilled_2xmsaa 		result -->  GOOD 		Variant name -->  1t_f_8888_fpmn
case name -->  ogl_randomfans_pointfilled_2xmsaa 		result -->  GOOD 		Variant name -->  1t_g_sp_8888_fpmn
case name -->  dx_randomtriangles_pointfilled_4xmsaa 		result -->  GOOD_REF 		Variant name -->  1t_f_8888_fpmn
case name -->  dx_randomtriangles_pointfilled_4xmsaa 		result -->  GOOD_REF 		Variant name -->  1t_g_8888_fpmn
case name -->  ogl_clipping 		result -->  GOOD 		Variant name -->  triangles_g_front_linefilled_back_pointfilled_noplanes
case name -->  ogl_clipping 		result -->  GOOD 		Variant name -->  triangles_f_front_linefilled_back_pointfilled_4planes
case name -->  ogl_clipping 		result -->  GOOD_REF 		Variant name -->  points_size400_4planes
case name -->  ogl_clipping 		result -->  GOOD 		Variant name -->  tristrip_flat_wf_4planes
case name -->  dx_randomtriangles_linefilled_2xmsaa 		result -->  GOOD_REF 		Variant name -->  2t_g
case name -->  dx_randomtriangles_linefilled_2xmsaa 		result -->  GOOD_REF 		Variant name -->  1t_g_sp_8888_fpmn
case name -->  ogl_randompoints 		result -->  GOOD 		Variant name -->  1p_g_sp
case name -->  ogl_randompoints_4xmsaa 		result -->  GOOD 		Variant name -->  65t_g
case name -->  ogl_randomfans_2xmsaa 		result -->  GOOD 		Variant name -->  1t_f_sp_8888_fpmn
case name -->  ogl_randomfans_2xmsaa 		result -->  GOOD 		Variant name -->  1t_g_8888_fpmn
case name -->  dx_randompoints_2xmsaa 		result -->  GOOD_REF 		Variant name -->  2t_g
case name -->  ogl_multiframe_2xmsaa 		result -->  GOOD 		Variant name -->  1t_f_2frames
case name -->  ogl_wireframe 		result -->  GOOD_REF 		Variant name -->  8888_fpmn_lenna
case name -->  ogl_wireframe 		result -->  GOOD 		Variant name -->  8888_fpmn
case name -->  dx_gridmark_overlapped 		result -->  GOOD_REF 		Variant name -->  bilinear_1_1_1opaque
case name -->  ogl_randomtriangles_linefilled_4xmsaa 		result -->  GOOD 		Variant name -->  500t_f_8888_fpmn
case name -->  ogl_randomfans 		result -->  GOOD 		Variant name -->  500t_g
case name -->  dx_randomfans_linefilled_4xmsaa 		result -->  GOOD_REF 		Variant name -->  1t_g_8888_fpmn
case name -->  ogl_randomfans_pointfilled_4xmsaa 		result -->  GOOD 		Variant name -->  1t_f_8888_fpmn
case name -->  ogl_randomfans_pointfilled_4xmsaa 		result -->  GOOD 		Variant name -->  1t_g_8888_fpmn
case name -->  ogl_randomtriangles_4xmsaa 		result -->  GOOD 		Variant name -->  500t_g_8888_fpmn
case name -->  ogl_randomtriangles_4xmsaa 		result -->  GOOD 		Variant name -->  500t_g_sp_8888_fpmn
case name -->  dx_randomlines_4xmsaa 		result -->  GOOD_REF 		Variant name -->  1l_f
case name -->  dx_randomfans_linefilled_2xmsaa 		result -->  GOOD_REF 		Variant name -->  1t_f
case name -->  ogl_randomtstrips_pointfilled_2xmsaa 		result -->  GOOD 		Variant name -->  10t_g
case name -->  dx11_cemsizes 		result -->  GOOD_REF 		Variant name -->  r10g10b10a2_unorm_128x128_min_mag_mip_point
case name -->  dx11_cemsizes 		result -->  GOOD_REF 		Variant name -->  bc2_unorm_128x128_min_mag_mip_point
case name -->  dx11_cemsizes 		result -->  GOOD_REF 		Variant name -->  r11g11b10_float_256x256_min_mag_mip_point
case name -->  ogl_randomtstrips_linefilled 		result -->  GOOD 		Variant name -->  1t_f_8888_fpmn
case name -->  ogl_randomtstrips_linefilled 		result -->  GOOD 		Variant name -->  1t_g_8888_fpmn
case name -->  ogl_passspawn 		result -->  GOOD_REF 		Variant name -->  opaquefirst_fastpunchthroughsecond_qb
case name -->  ogl_passspawn 		result -->  GOOD_REF 		Variant name -->  translucentfirst_texdepthsecond
case name -->  ogl_passspawn 		result -->  GOOD_REF 		Variant name -->  fastpunchthroughfirst_punchthroughsecond_qb_partialob
case name -->  ogl_passspawn 		result -->  GOOD_REF 		Variant name -->  punchthroughfirst_texdepthsecond_qb
case name -->  ogl_passspawn 		result -->  GOOD_REF 		Variant name -->  fastpunchthroughfirst_opaquesecond_partialob
case name -->  dx11_driverscripts 		result -->  GOOD_REF 		Variant name -->  test_dx10
case name -->  ogl_randomtstrips_pointfilled 		result -->  GOOD 		Variant name -->  500t_f_8888_fpmn
case name -->  ogl_randomfans_linefilled_4xmsaa 		result -->  GOOD 		Variant name -->  1t_f_8888_fpmn
case name -->  ogl_randomfans_linefilled_4xmsaa 		result -->  GOOD 		Variant name -->  1t_g_sp_8888_fpmn
case name -->  dx_randomtriangles_linefilled_4xmsaa 		result -->  GOOD_REF 		Variant name -->  1t_f_sp_8888_fpmn
case name -->  ogl_randomfans_linefilled 		result -->  GOOD 		Variant name -->  1t_f_8888_fpmn
case name -->  ogl_randomfans_linefilled 		result -->  GOOD 		Variant name -->  1t_f_sp_8888_fpmn
case name -->  dx_condinst 		result -->  GOOD_REF 		Variant name -->  vscallretcret
case name -->  dx_condinst 		result -->  GOOD_REF 		Variant name -->  pscallcret
case name -->  ogl_addressmodes 		result -->  GOOD 		Variant name -->  2101010_fbmn_1x1
case name -->  ogl_addressmodes 		result -->  GOOD 		Variant name -->  2101010_fbmn_1x4095
case name -->  ogl_randomfans_pointfilled 		result -->  GOOD 		Variant name -->  1t_f_8888_fpmn
case name -->  ogl_randomfans_pointfilled 		result -->  GOOD 		Variant name -->  1t_g_8888_fpmn
case name -->  ogl_randomfans_pointfilled 		result -->  GOOD 		Variant name -->  500t_f_8888_fpmn
case name -->  ogl_randomfans_linefilled_2xmsaa 		result -->  GOOD 		Variant name -->  1t_g_8888_fpmn
case name -->  ogl_randomfans_linefilled_2xmsaa 		result -->  GOOD 		Variant name -->  1t_g_sp_8888_fpmn
case name -->  es2_milestone_1 		result -->  GOOD_REF 		Variant name -->  milestone_128x128
case name -->  ogl_randomtriangles 		result -->  GOOD 		Variant name -->  100t_g_8888_fpmn
case name -->  ogl_randomtstrips_linefilled_2xmsaa 		result -->  GOOD 		Variant name -->  500t_g_sp_8888_fpmn
case name -->  ogles2_auishaderbench 		result -->  GOOD 		Variant name -->  test07
case name -->  ogl_zloadstore 		result -->  GOOD 		Variant name -->  2t_128x128_d16_unorm
case name -->  ogl_zloadstore 		result -->  GOOD 		Variant name -->  2t_128x128_d24_unorm_s8_uint
case name -->  ogl_zloadstore 		result -->  GOOD 		Variant name -->  2t_128x128_d32_float
case name -->  ogl_culling 		result -->  GOOD_REF 		Variant name -->  randomtriangles_400
case name -->  ogles1_gridmark 		result -->  GOOD 		Variant name -->  TexFilter2_Linear
case name -->  ogles1_gridmark 		result -->  GOOD 		Variant name -->  TexFilter4_Linear_Mipmap_Nearest
case name -->  dx11_addressmodes 		result -->  GOOD_REF 		Variant name -->  r16_float_fbmt_1x1
case name -->  dx11_addressmodes 		result -->  GOOD 		Variant name -->  bc1_unorm_fbmt_7x9
case name -->  es2_milestone_4 		result -->  GOOD 		Variant name -->  milestone_128x128
case name -->  ogl_randomtriangles_linefilled_2xmsaa 		result -->  GOOD 		Variant name -->  100t_f_sp_8888_fpmn
case name -->  ogl_randomtriangles_linefilled_2xmsaa 		result -->  GOOD 		Variant name -->  500t_f_8888_fpmn
case name -->  ogl_multiframe 		result -->  GOOD 		Variant name -->  1t_f_10frames
case name -->  OGLES2GridMark3 		result -->  GOOD 		Variant name -->  bench6
case name -->  OGLES2GridMark3 		result -->  GOOD 		Variant name -->  bench3
case name -->  OGLES2GridMark3 		result -->  GOOD_REF 		Variant name -->  bench7
case name -->  OGLES2GridMark3 		result -->  GOOD 		Variant name -->  bench0
case name -->  OGLES2GridMark3 		result -->  GOOD_REF 		Variant name -->  bench1
case name -->  OGLES2GridMark3 		result -->  GOOD 		Variant name -->  bench5
case name -->  ogl_depthbias 		result -->  GOOD 		Variant name -->  largez_largebias_translucent
case name -->  ogl_depthbias 		result -->  GOOD 		Variant name -->  normalz_neg1_1_bias
case name -->  ogl_depthbias 		result -->  GOOD 		Variant name -->  normalz_normalbias_translucent
case name -->  dx_alphatestsplit 		result -->  GOOD_REF 		Variant name -->  short_dfc_noblend_noaa
case name -->  dx_alphatestsplit 		result -->  GOOD 		Variant name -->  short_long_blend_noaa
case name -->  dx_alphatestsplit 		result -->  GOOD_REF 		Variant name -->  short_short_noblend_noaa
case name -->  dx_alphatestsplit 		result -->  GOOD_REF 		Variant name -->  short_long_noblend_noaa
case name -->  dx_alphatestsplit 		result -->  GOOD_REF 		Variant name -->  long_dfc_noblend_noaa
case name -->  ogl_multiframe_4xmsaa 		result -->  GOOD 		Variant name -->  1t_f_2frames
case name -->  ogl_alphatestintersecttris 		result -->  GOOD 		Variant name -->  normal_diagonal
case name -->  ogl_alphatestintersecttris 		result -->  GOOD 		Variant name -->  normal_vertical
case name -->  ogl_alphatestintersecttris 		result -->  GOOD 		Variant name -->  normal_depthmodetoggle
case name -->  dx9_driverscripts 		result -->  GOOD 		Variant name -->  fog_vertex_linear
case name -->  dx9_driverscripts 		result -->  GOOD 		Variant name -->  texfmts_float
case name -->  dx_randompointsprites_2xmsaa 		result -->  GOOD_REF 		Variant name -->  1ps32_f
case name -->  ogl_zeroareatriangles 		result -->  GOOD_REF 		Variant name -->  nt
case name -->  ogl_randomtstrips_linefilled_4xmsaa 		result -->  GOOD_REF 		Variant name -->  500t_f_8888_fpmn
case name -->  ogl_multitexture 		result -->  GOOD_REF 		Variant name -->  8888_fpmn_7layers
case name -->  ogl_multitexture 		result -->  GOOD_REF 		Variant name -->  8888_fpmn_5layers
case name -->  ogl_multitexture 		result -->  GOOD_REF 		Variant name -->  8888_fpmn_4layers
case name -->  ogl_multitexture 		result -->  GOOD_REF 		Variant name -->  8888_fpmn_6layers
case name -->  ogl_multitexture 		result -->  GOOD_REF 		Variant name -->  8888_fpmn_1layer
case name -->  ogl_multitexture 		result -->  GOOD_REF 		Variant name -->  8888_fpmn_3layers
case name -->  ogl_multitexture 		result -->  GOOD_REF 		Variant name -->  8888_fpmn_2layers
case name -->  ogl_randomlineloop 		result -->  GOOD 		Variant name -->  1t_g
case name -->  ogl_randomlineloop 		result -->  GOOD 		Variant name -->  1t_f
case name -->  ogl_randomtriangles_pointfilled_2xmsaa 		result -->  GOOD 		Variant name -->  1t_f_sp_8888_fpmn
case name -->  ogl_randomtriangles_2xmsaa 		result -->  GOOD 		Variant name -->  100t_g_8888_fpmn
case name -->  ogles2_sdk 		result -->  GOOD 		Variant name -->  Skinning
case name -->  ogl_edgeflags 		result -->  GOOD_REF 		Variant name -->  nt
case name -->  ogl_randomlinestrip_4xmsaa 		result -->  GOOD 		Variant name -->  1l_f_sp_8888_fpmn
case name -->  ogl_randomlinestrip_4xmsaa 		result -->  GOOD 		Variant name -->  1l_f_8888_fpmn
case name -->  ogl_randomtriangles_linefilled 		result -->  GOOD 		Variant name -->  1t_f_sp_8888_fpmn
case name -->  ogl_randomtriangles_linefilled 		result -->  GOOD 		Variant name -->  1t_g_sp_8888_fpmn
case name -->  ogl_randomtstrips_4xmsaa 		result -->  GOOD 		Variant name -->  500t_f_sp_8888_fpmn
case name -->  ogl_firstobjectintile 		result -->  GOOD 		Variant name -->  nt_translucentonly
case name -->  ogl_randomtstrips_2xmsaa 		result -->  GOOD 		Variant name -->  1t_f_8888_fpmn
case name -->  ogl_randomtstrips_2xmsaa 		result -->  GOOD 		Variant name -->  1t_g_sp_8888_fpmn
case name -->  dx_gridmark 		result -->  GOOD_REF 		Variant name -->  256x256_bilinear_1_1_2opaque_16x16quads
case name -->  dx_gridmark 		result -->  GOOD_REF 		Variant name -->  bilinear_4_1_1opaque_2trans
case name -->  ogl_randomlinestrip_2xmsaa 		result -->  GOOD 		Variant name -->  500l_f
case name -->  ogl_randomlines_2xmsaa 		result -->  GOOD_REF 		Variant name -->  100l_f_8888_fpmn
case name -->  ogl_randomlines_2xmsaa 		result -->  GOOD 		Variant name -->  100l_g_sp_8888_fpmn
case name -->  dx_alphatestintersecttris 		result -->  GOOD 		Variant name -->  nt_diagonal
case name -->  dx_alphatestintersecttris 		result -->  GOOD_REF 		Variant name -->  nt_2xmsaa
case name -->  dx_alphatestintersecttris 		result -->  GOOD_REF 		Variant name -->  nt_depthmodetoggle
case name -->  ogl_stencilcmpmodes 		result -->  GOOD_REF 		Variant name -->  normal
case name -->  dx_randomtriangles 		result -->  GOOD_REF 		Variant name -->  1t_g_sp_8888_fpmn
case name -->  dx_randomtriangles 		result -->  GOOD_REF 		Variant name -->  1t_f
case name -->  ogl_randomtriangles_pointfilled 		result -->  GOOD 		Variant name -->  1t_f_sp_8888_fpmn
case name -->  ogl_randomtriangles_pointfilled 		result -->  GOOD 		Variant name -->  1t_g_sp_8888_fpmn
case name -->  ogl_randomlinestrip 		result -->  GOOD 		Variant name -->  1l_g_8888_fpmn
case name -->  ogl_randomlinestrip 		result -->  GOOD 		Variant name -->  1l_f_8888_fpmn
case name -->  ogl_filter_arbitrarysizes 		result -->  GOOD 		Variant name -->  1012x226_a8_unorm_fallmall
case name -->  ogl_dadjust 		result -->  GOOD 		Variant name -->  8888_fpmt
case name -->  dx9_sdk 		result -->  GOOD 		Variant name -->  text
case name -->  ogl_depthaccuracy 		result -->  GOOD 		Variant name -->  64q_32depth_0_to_0x3f7fffc0
case name -->  ogl_depthaccuracy 		result -->  GOOD 		Variant name -->  64q_32depth_0_to_0x000000c0
case name -->  ogl_filter 		result -->  GOOD 		Variant name -->  r16g16_snorm_fpmn
case name -->  ogl_filter 		result -->  GOOD 		Variant name -->  r8_snorm_fpmn
case name -->  ogl_filter 		result -->  GOOD 		Variant name -->  r8g8b8a8_snorm_fpmn
case name -->  ogl_filter 		result -->  GOOD 		Variant name -->  r9g9b9e5_sharedexp_fpmn
case name -->  ogl_filter 		result -->  GOOD 		Variant name -->  r16g16b16a16_snorm_fpmn
case name -->  ogl_randomtstrips 		result -->  GOOD 		Variant name -->  1t_f_8888_fpmn
case name -->  ogl_randomtstrips 		result -->  GOOD 		Variant name -->  1t_g_8888_fpmn
case name -->  ogl_filter3d 		result -->  GOOD 		Variant name -->  128x128x16_2101010_fallmall
case name -->  ogl_filter3d 		result -->  GOOD 		Variant name -->  128x128x16_565_fallmall
case name -->  ogl_filter3d 		result -->  GOOD 		Variant name -->  128x128x16_8888_fallmall
case name -->  ogl_filter3d 		result -->  GOOD 		Variant name -->  128x128x16_4444_fallmall
case name -->  dx_clippinginvariance 		result -->  GOOD_REF 		Variant name -->  1plane
case name -->  ogles1_3dmarkmobile 		result -->  GOOD 		Variant name -->  samurai-f50-51-320x240-Overlap
case name -->  ogl_stencilops 		result -->  GOOD 		Variant name -->  nt
case name -->  ogl_depthmodes 		result -->  GOOD 		Variant name -->  nt
case name -->  ogl_randomtstrips_pointfilled_4xmsaa 		result -->  GOOD 		Variant name -->  500t_f_sp_8888_fpmn
case name -->  ogl_randomfans_4xmsaa 		result -->  GOOD 		Variant name -->  3t_f
case name -->  ogl_randomfans_4xmsaa 		result -->  GOOD 		Variant name -->  256t_g
case name -->  dx11_depthbias 		result -->  GOOD 		Variant name -->  grid
case name -->  ocl_nohw_conformance 		result -->  GOOD_REF 		Variant name -->  basic_int2float
case name -->  ocl_nohw_conformance 		result -->  GOOD_REF 		Variant name -->  basic_fpmath_float_f2
case name -->  ocl_nohw_conformance 		result -->  GOOD_REF 		Variant name -->  basic_intmath_int_f2
case name -->  ocl_nohw_conformance 		result -->  GOOD_REF 		Variant name -->  basic_if
case name -->  ocl_nohw_conformance 		result -->  GOOD_REF 		Variant name -->  basic_pointer_cast
case name -->  ogl_randomlines 		result -->  GOOD 		Variant name -->  1l_g_sp_8888_fpmn
case name -->  ogl_stencillimits 		result -->  GOOD 		Variant name -->  normal
case name -->  ogl_clipping_2xmsaa 		result -->  GOOD 		Variant name -->  tristrip_flat_wf_noplanes
case name -->  ogl_clipping_2xmsaa 		result -->  GOOD 		Variant name -->  points_size16_noplanes
